LEX: Found IDENTIFIER: x
LEX: Found NUMBER: 5
LEX: Found PRINT
LEX: Found IDENTIFIER: x
LEX: Found IDENTIFIER: y
LEX: Found NUMBER: 10
LEX: Found IDENTIFIER: z
LEX: Found IDENTIFIER: x
LEX: Found IDENTIFIER: y
LEX: Found PRINT
LEX: Found IDENTIFIER: z
LEX: Found IF
LEX: Found IDENTIFIER: x
LEX: Found IDENTIFIER: y
LEX: Found PRINT
LEX: Found IDENTIFIER: x
LEX: Found ELSE
LEX: Found PRINT
LEX: Found IDENTIFIER: y
LEX: Found IDENTIFIER: i
LEX: Found NUMBER: 0
LEX: Found WHILE
LEX: Found IDENTIFIER: i
LEX: Found NUMBER: 5
LEX: Found PRINT
LEX: Found IDENTIFIER: i
LEX: Found IDENTIFIER: i
LEX: Found IDENTIFIER: i
LEX: Found NUMBER: 1
